This is pdfTeX, Version 3.141592653-2.6-1.40.27 (TeX Live 2026/dev/Arch Linux) (preloaded format=pdflatex 2025.5.16)  28 MAY 2025 15:58
entering extended mode
 restricted \write18 enabled.
 file:line:error style messages enabled.
 %&-line parsing enabled.
**/home/claire/Documents/source/research-project/latex/latex/Trace3.tex
(/home/claire/Documents/source/research-project/latex/latex/Trace3.tex
LaTeX2e <2024-11-01> patch level 2
L3 programming layer <2025-01-18>
(/usr/share/texmf-dist/tex/latex/base/article.cls
Document Class: article 2024/06/29 v1.4n Standard LaTeX document class
(/usr/share/texmf-dist/tex/latex/base/size10.clo
File: size10.clo 2024/06/29 v1.4n Standard LaTeX file (size option)
)
\c@part=\count196
\c@section=\count197
\c@subsection=\count198
\c@subsubsection=\count199
\c@paragraph=\count266
\c@subparagraph=\count267
\c@figure=\count268
\c@table=\count269
\abovecaptionskip=\skip49
\belowcaptionskip=\skip50
\bibindent=\dimen141
) (./agda.sty
Package: agda 2021/07/14 version 2.7.0.1 Formatting LaTeX generated by Agda
 (/usr/share/texmf-dist/tex/generic/iftex/ifxetex.sty
Package: ifxetex 2019/10/25 v0.7 ifxetex legacy package. Use iftex instead.
 (/usr/share/texmf-dist/tex/generic/iftex/iftex.sty
Package: iftex 2024/12/12 v1.0g TeX engine tests
)) (/usr/share/texmf-dist/tex/generic/iftex/ifluatex.sty
Package: ifluatex 2019/10/25 v1.5 ifluatex legacy package. Use iftex instead.
) (/usr/share/texmf-dist/tex/latex/xifthen/xifthen.sty
Package: xifthen 2015/11/05 v1.4.0 Extended ifthen features
 (/usr/share/texmf-dist/tex/latex/tools/calc.sty
Package: calc 2023/07/08 v4.3 Infix arithmetic (KKT,FJ)
\calc@Acount=\count270
\calc@Bcount=\count271
\calc@Adimen=\dimen142
\calc@Bdimen=\dimen143
\calc@Askip=\skip51
\calc@Bskip=\skip52
LaTeX Info: Redefining \setlength on input line 80.
LaTeX Info: Redefining \addtolength on input line 81.
\calc@Ccount=\count272
\calc@Cskip=\skip53
) (/usr/share/texmf-dist/tex/latex/base/ifthen.sty
Package: ifthen 2024/03/16 v1.1e Standard LaTeX ifthen package (DPC)
) (/usr/share/texmf-dist/tex/latex/ifmtarg/ifmtarg.sty
Package: ifmtarg 2018/04/16 v1.2b check for an empty argument
)) (/usr/share/texmf-dist/tex/latex/xcolor/xcolor.sty
Package: xcolor 2024/09/29 v3.02 LaTeX color extensions (UK)
 (/usr/share/texmf-dist/tex/latex/graphics-cfg/color.cfg
File: color.cfg 2016/01/02 v1.6 sample color configuration
)
Package xcolor Info: Driver file: pdftex.def on input line 274.
 (/usr/share/texmf-dist/tex/latex/graphics-def/pdftex.def
File: pdftex.def 2024/04/13 v1.2c Graphics/color driver for pdftex
) (/usr/share/texmf-dist/tex/latex/graphics/mathcolor.ltx)
Package xcolor Info: Model `cmy' substituted by `cmy0' on input line 1349.
Package xcolor Info: Model `hsb' substituted by `rgb' on input line 1353.
Package xcolor Info: Model `RGB' extended on input line 1365.
Package xcolor Info: Model `HTML' substituted by `rgb' on input line 1367.
Package xcolor Info: Model `Hsb' substituted by `hsb' on input line 1368.
Package xcolor Info: Model `tHsb' substituted by `hsb' on input line 1369.
Package xcolor Info: Model `HSB' substituted by `hsb' on input line 1370.
Package xcolor Info: Model `Gray' substituted by `gray' on input line 1371.
Package xcolor Info: Model `wave' substituted by `hsb' on input line 1372.
) (/usr/share/texmf-dist/tex/latex/polytable/polytable.sty
Package: polytable 2020/07/14 v0.8.6 `polytable' package (Andres Loeh)
 (/usr/share/texmf-dist/tex/latex/lazylist/lazylist.sty) (/usr/share/texmf-dist/tex/latex/tools/array.sty
Package: array 2024/10/17 v2.6g Tabular extension package (FMi)
\col@sep=\dimen144
\ar@mcellbox=\box52
\extrarowheight=\dimen145
\NC@list=\toks17
\extratabsurround=\skip54
\backup@length=\skip55
\ar@cellbox=\box53
)
\PT@colwidth=\dimen146
\PT@cols=\count273
\PT@table=\count274
\PT@toks=\toks18
\PT@in=\read2
\PT@out=\write3
) (/usr/share/texmf-dist/tex/latex/etoolbox/etoolbox.sty
Package: etoolbox 2025/02/11 v2.5l e-TeX tools for LaTeX (JAW)
\etb@tempcnta=\count275
) (/usr/share/texmf-dist/tex/latex/environ/environ.sty
Package: environ 2014/05/04 v0.3 A new way to define environments
 (/usr/share/texmf-dist/tex/latex/trimspaces/trimspaces.sty
Package: trimspaces 2009/09/17 v1.1 Trim spaces around a token list
)
\@envbody=\toks19
) (/usr/share/texmf-dist/tex/latex/l3packages/xparse/xparse.sty (/usr/share/texmf-dist/tex/latex/l3kernel/expl3.sty
Package: expl3 2025-01-18 L3 programming layer (loader) 
 (/usr/share/texmf-dist/tex/latex/l3backend/l3backend-pdftex.def
File: l3backend-pdftex.def 2024-05-08 L3 backend support: PDF output (pdfTeX)
\l__color_backend_stack_int=\count276
\l__pdf_internal_box=\box54
))
Package: xparse 2024-08-16 L3 Experimental document command parser
) (/usr/share/texmf-dist/tex/latex/xkeyval/xkeyval.sty
Package: xkeyval 2022/06/16 v2.9 package option processing (HA)
 (/usr/share/texmf-dist/tex/generic/xkeyval/xkeyval.tex (/usr/share/texmf-dist/tex/generic/xkeyval/xkvutils.tex
\XKV@toks=\toks20
\XKV@tempa@toks=\toks21
 (/usr/share/texmf-dist/tex/generic/xkeyval/keyval.tex))
\XKV@depth=\count277
File: xkeyval.tex 2014/12/03 v2.7a key=value parser (HA)
))
\mathindent=\dimen147
\c@Agda@Current=\count278
\c@Agda@Previous=\count279
\c@Agda@AlignStart=\count280
\c@Agda@SuppressStart=\count281
\AgdaEmptySkip=\skip56
\AgdaEmptyExtraSkip=\skip57
\c@AgdaCodeNumber=\count282
) (./Trace3.aux)
\openout1 = `Trace3.aux'.

LaTeX Font Info:    Checking defaults for OML/cmm/m/it on input line 5.
LaTeX Font Info:    ... okay on input line 5.
LaTeX Font Info:    Checking defaults for OMS/cmsy/m/n on input line 5.
LaTeX Font Info:    ... okay on input line 5.
LaTeX Font Info:    Checking defaults for OT1/cmr/m/n on input line 5.
LaTeX Font Info:    ... okay on input line 5.
LaTeX Font Info:    Checking defaults for T1/cmr/m/n on input line 5.
LaTeX Font Info:    ... okay on input line 5.
LaTeX Font Info:    Checking defaults for TS1/cmr/m/n on input line 5.
LaTeX Font Info:    ... okay on input line 5.
LaTeX Font Info:    Checking defaults for OMX/cmex/m/n on input line 5.
LaTeX Font Info:    ... okay on input line 5.
LaTeX Font Info:    Checking defaults for U/cmr/m/n on input line 5.
LaTeX Font Info:    ... okay on input line 5.
 (/usr/share/texmf-dist/tex/context/base/mkii/supp-pdf.mkii
[Loading MPS to PDF converter (version 2006.09.02).]
\scratchcounter=\count283
\scratchdimen=\dimen148
\scratchbox=\box55
\nofMPsegments=\count284
\nofMParguments=\count285
\everyMPshowfont=\toks22
\MPscratchCnt=\count286
\MPscratchDim=\dimen149
\MPnumerator=\count287
\makeMPintoPDFobject=\count288
\everyMPtoPDFconversion=\toks23
)
\openout3 = `Trace3.ptb'.

LaTeX Font Info:    Trying to load font information for OMS+cmss on input line 148.
LaTeX Font Info:    No file OMScmss.fd. on input line 148.


LaTeX Font Warning: Font shape `OMS/cmss/m/n' undefined
(Font)              using `OMS/cmsy/m/n' instead
(Font)              for symbol `textbraceleft' on input line 148.


/home/claire/Documents/source/research-project/latex/latex/Trace3.tex:148: LaTeX Error: Unicode character ℕ (U+2115)
               not set up for use with LaTeX.

See the LaTeX manual or LaTeX Companion for explanation.
Type  H <return>  for immediate help.
 ...                                              
                                                  
l.148 \end{code}
                
You may provide a definition with
\DeclareUnicodeCharacter 


/home/claire/Documents/source/research-project/latex/latex/Trace3.tex:148: LaTeX Error: Unicode character ≡ (U+2261)
               not set up for use with LaTeX.

See the LaTeX manual or LaTeX Companion for explanation.
Type  H <return>  for immediate help.
 ...                                              
                                                  
l.148 \end{code}
                
You may provide a definition with
\DeclareUnicodeCharacter 


/home/claire/Documents/source/research-project/latex/latex/Trace3.tex:148: LaTeX Error: Unicode character ₂ (U+2082)
               not set up for use with LaTeX.

See the LaTeX manual or LaTeX Companion for explanation.
Type  H <return>  for immediate help.
 ...                                              
                                                  
l.148 \end{code}
                
You may provide a definition with
\DeclareUnicodeCharacter 


/home/claire/Documents/source/research-project/latex/latex/Trace3.tex:148: LaTeX Error: Unicode character ℕ (U+2115)
               not set up for use with LaTeX.

See the LaTeX manual or LaTeX Companion for explanation.
Type  H <return>  for immediate help.
 ...                                              
                                                  
l.148 \end{code}
                
You may provide a definition with
\DeclareUnicodeCharacter 


/home/claire/Documents/source/research-project/latex/latex/Trace3.tex:148: LaTeX Error: Unicode character ℕ (U+2115)
               not set up for use with LaTeX.

See the LaTeX manual or LaTeX Companion for explanation.
Type  H <return>  for immediate help.
 ...                                              
                                                  
l.148 \end{code}
                
You may provide a definition with
\DeclareUnicodeCharacter 


/home/claire/Documents/source/research-project/latex/latex/Trace3.tex:148: LaTeX Error: Unicode character ℕ (U+2115)
               not set up for use with LaTeX.

See the LaTeX manual or LaTeX Companion for explanation.
Type  H <return>  for immediate help.
 ...                                              
                                                  
l.148 \end{code}
                
You may provide a definition with
\DeclareUnicodeCharacter 


/home/claire/Documents/source/research-project/latex/latex/Trace3.tex:148: LaTeX Error: Unicode character ≡ (U+2261)
               not set up for use with LaTeX.

See the LaTeX manual or LaTeX Companion for explanation.
Type  H <return>  for immediate help.
 ...                                              
                                                  
l.148 \end{code}
                
You may provide a definition with
\DeclareUnicodeCharacter 


/home/claire/Documents/source/research-project/latex/latex/Trace3.tex:148: LaTeX Error: Unicode character ₂ (U+2082)
               not set up for use with LaTeX.

See the LaTeX manual or LaTeX Companion for explanation.
Type  H <return>  for immediate help.
 ...                                              
                                                  
l.148 \end{code}
                
You may provide a definition with
\DeclareUnicodeCharacter 


/home/claire/Documents/source/research-project/latex/latex/Trace3.tex:148: LaTeX Error: Unicode character ℕ (U+2115)
               not set up for use with LaTeX.

See the LaTeX manual or LaTeX Companion for explanation.
Type  H <return>  for immediate help.
 ...                                              
                                                  
l.148 \end{code}
                
You may provide a definition with
\DeclareUnicodeCharacter 


/home/claire/Documents/source/research-project/latex/latex/Trace3.tex:148: LaTeX Error: Unicode character ℕ (U+2115)
               not set up for use with LaTeX.

See the LaTeX manual or LaTeX Companion for explanation.
Type  H <return>  for immediate help.
 ...                                              
                                                  
l.148 \end{code}
                
You may provide a definition with
\DeclareUnicodeCharacter 


/home/claire/Documents/source/research-project/latex/latex/Trace3.tex:148: LaTeX Error: Unicode character ℕ (U+2115)
               not set up for use with LaTeX.

See the LaTeX manual or LaTeX Companion for explanation.
Type  H <return>  for immediate help.
 ...                                              
                                                  
l.148 \end{code}
                
You may provide a definition with
\DeclareUnicodeCharacter 


/home/claire/Documents/source/research-project/latex/latex/Trace3.tex:148: LaTeX Error: Unicode character ≡ (U+2261)
               not set up for use with LaTeX.

See the LaTeX manual or LaTeX Companion for explanation.
Type  H <return>  for immediate help.
 ...                                              
                                                  
l.148 \end{code}
                
You may provide a definition with
\DeclareUnicodeCharacter 


/home/claire/Documents/source/research-project/latex/latex/Trace3.tex:148: LaTeX Error: Unicode character ₂ (U+2082)
               not set up for use with LaTeX.

See the LaTeX manual or LaTeX Companion for explanation.
Type  H <return>  for immediate help.
 ...                                              
                                                  
l.148 \end{code}
                
You may provide a definition with
\DeclareUnicodeCharacter 


/home/claire/Documents/source/research-project/latex/latex/Trace3.tex:148: LaTeX Error: Unicode character ℕ (U+2115)
               not set up for use with LaTeX.

See the LaTeX manual or LaTeX Companion for explanation.
Type  H <return>  for immediate help.
 ...                                              
                                                  
l.148 \end{code}
                
You may provide a definition with
\DeclareUnicodeCharacter 


/home/claire/Documents/source/research-project/latex/latex/Trace3.tex:148: LaTeX Error: Unicode character ℕ (U+2115)
               not set up for use with LaTeX.

See the LaTeX manual or LaTeX Companion for explanation.
Type  H <return>  for immediate help.
 ...                                              
                                                  
l.148 \end{code}
                
You may provide a definition with
\DeclareUnicodeCharacter 


Overfull \hbox (178.27011pt too wide) in paragraph at lines 148--148
 [][] 
 []


Overfull \hbox (178.27011pt too wide) in paragraph at lines 148--148
 [][] 
 []


Overfull \hbox (178.27011pt too wide) in paragraph at lines 148--148
 [][] 
 []


Overfull \hbox (178.27011pt too wide) in paragraph at lines 148--148
 [][] 
 []


Overfull \hbox (178.27011pt too wide) in paragraph at lines 148--148
 [][] 
 []


Overfull \hbox (178.27011pt too wide) in paragraph at lines 148--148
 [][] 
 []


Overfull \hbox (178.27011pt too wide) in paragraph at lines 148--148
 [][] 
 []


Overfull \hbox (178.27011pt too wide) in paragraph at lines 148--148
 [][] 
 []


Overfull \hbox (178.27011pt too wide) in paragraph at lines 148--148
 [][] 
 []


Overfull \hbox (178.27011pt too wide) in paragraph at lines 148--148
 [][] 
 []


Overfull \hbox (178.27011pt too wide) in paragraph at lines 148--148
 [][] 
 []


Overfull \hbox (178.27011pt too wide) in paragraph at lines 148--148
 [][] 
 []


Overfull \hbox (178.27011pt too wide) in paragraph at lines 148--148
 [][] 
 []


Overfull \hbox (178.27011pt too wide) in paragraph at lines 148--148
 [][] 
 []


Overfull \hbox (178.27011pt too wide) in paragraph at lines 148--148
 [][] 
 []


Overfull \hbox (178.27011pt too wide) in paragraph at lines 148--148
 [][] 
 []


Overfull \hbox (178.27011pt too wide) in paragraph at lines 148--148
 [][] 
 []


Overfull \hbox (178.27011pt too wide) in paragraph at lines 148--148
 [][] 
 []


Overfull \hbox (178.27011pt too wide) in paragraph at lines 148--148
 [][] 
 []


Overfull \hbox (178.27011pt too wide) in paragraph at lines 148--148
 [][] 
 []


Overfull \hbox (178.27011pt too wide) in paragraph at lines 148--148
 [][] 
 []


Overfull \hbox (178.27011pt too wide) in paragraph at lines 148--148
 [][] 
 []


Overfull \hbox (178.27011pt too wide) in paragraph at lines 148--148
 [][] 
 []


Overfull \hbox (178.27011pt too wide) in paragraph at lines 148--148
 [][] 
 []


Overfull \hbox (178.27011pt too wide) in paragraph at lines 148--148
 [][] 
 []


Overfull \hbox (178.27011pt too wide) in paragraph at lines 148--148
 [][] 
 []


Overfull \hbox (178.27011pt too wide) in paragraph at lines 148--148
 [][] 
 []


Overfull \hbox (178.27011pt too wide) in paragraph at lines 148--148
 [][] 
 []


Overfull \hbox (178.27011pt too wide) in paragraph at lines 148--148
 [][] 
 []

\openout3 = `Trace3.ptb'.


/home/claire/Documents/source/research-project/latex/latex/Trace3.tex:184: LaTeX Error: Unicode character ₃ (U+2083)
               not set up for use with LaTeX.

See the LaTeX manual or LaTeX Companion for explanation.
Type  H <return>  for immediate help.
 ...                                              
                                                  
l.184 \end{code}
                
You may provide a definition with
\DeclareUnicodeCharacter 

LaTeX Font Info:    External font `cmex10' loaded for size
(Font)              <7> on input line 184.
LaTeX Font Info:    External font `cmex10' loaded for size
(Font)              <5> on input line 184.

/home/claire/Documents/source/research-project/latex/latex/Trace3.tex:184: LaTeX Error: Unicode character ₃ (U+2083)
               not set up for use with LaTeX.

See the LaTeX manual or LaTeX Companion for explanation.
Type  H <return>  for immediate help.
 ...                                              
                                                  
l.184 \end{code}
                
You may provide a definition with
\DeclareUnicodeCharacter 


/home/claire/Documents/source/research-project/latex/latex/Trace3.tex:184: LaTeX Error: Unicode character ₃ (U+2083)
               not set up for use with LaTeX.

See the LaTeX manual or LaTeX Companion for explanation.
Type  H <return>  for immediate help.
 ...                                              
                                                  
l.184 \end{code}
                
You may provide a definition with
\DeclareUnicodeCharacter 


/home/claire/Documents/source/research-project/latex/latex/Trace3.tex:184: LaTeX Error: Unicode character ₃ (U+2083)
               not set up for use with LaTeX.

See the LaTeX manual or LaTeX Companion for explanation.
Type  H <return>  for immediate help.
 ...                                              
                                                  
l.184 \end{code}
                
You may provide a definition with
\DeclareUnicodeCharacter 


/home/claire/Documents/source/research-project/latex/latex/Trace3.tex:184: LaTeX Error: Unicode character ₃ (U+2083)
               not set up for use with LaTeX.

See the LaTeX manual or LaTeX Companion for explanation.
Type  H <return>  for immediate help.
 ...                                              
                                                  
l.184 \end{code}
                
You may provide a definition with
\DeclareUnicodeCharacter 


/home/claire/Documents/source/research-project/latex/latex/Trace3.tex:184: LaTeX Error: Unicode character ₃ (U+2083)
               not set up for use with LaTeX.

See the LaTeX manual or LaTeX Companion for explanation.
Type  H <return>  for immediate help.
 ...                                              
                                                  
l.184 \end{code}
                
You may provide a definition with
\DeclareUnicodeCharacter 


/home/claire/Documents/source/research-project/latex/latex/Trace3.tex:184: LaTeX Error: Unicode character ₃ (U+2083)
               not set up for use with LaTeX.

See the LaTeX manual or LaTeX Companion for explanation.
Type  H <return>  for immediate help.
 ...                                              
                                                  
l.184 \end{code}
                
You may provide a definition with
\DeclareUnicodeCharacter 


/home/claire/Documents/source/research-project/latex/latex/Trace3.tex:184: LaTeX Error: Unicode character ₃ (U+2083)
               not set up for use with LaTeX.

See the LaTeX manual or LaTeX Companion for explanation.
Type  H <return>  for immediate help.
 ...                                              
                                                  
l.184 \end{code}
                
You may provide a definition with
\DeclareUnicodeCharacter 


/home/claire/Documents/source/research-project/latex/latex/Trace3.tex:184: LaTeX Error: Unicode character ₃ (U+2083)
               not set up for use with LaTeX.

See the LaTeX manual or LaTeX Companion for explanation.
Type  H <return>  for immediate help.
 ...                                              
                                                  
l.184 \end{code}
                
You may provide a definition with
\DeclareUnicodeCharacter 

\openout3 = `Trace3.ptb'.


/home/claire/Documents/source/research-project/latex/latex/Trace3.tex:272: LaTeX Error: Unicode character ≈ (U+2248)
               not set up for use with LaTeX.

See the LaTeX manual or LaTeX Companion for explanation.
Type  H <return>  for immediate help.
 ...                                              
                                                  
l.272 \end{code}
                
You may provide a definition with
\DeclareUnicodeCharacter 


/home/claire/Documents/source/research-project/latex/latex/Trace3.tex:272: LaTeX Error: Unicode character ₁ (U+2081)
               not set up for use with LaTeX.

See the LaTeX manual or LaTeX Companion for explanation.
Type  H <return>  for immediate help.
 ...                                              
                                                  
l.272 \end{code}
                
You may provide a definition with
\DeclareUnicodeCharacter 


/home/claire/Documents/source/research-project/latex/latex/Trace3.tex:272: LaTeX Error: Unicode character ₂ (U+2082)
               not set up for use with LaTeX.

See the LaTeX manual or LaTeX Companion for explanation.
Type  H <return>  for immediate help.
 ...                                              
                                                  
l.272 \end{code}
                
You may provide a definition with
\DeclareUnicodeCharacter 


/home/claire/Documents/source/research-project/latex/latex/Trace3.tex:272: LaTeX Error: Unicode character ₃ (U+2083)
               not set up for use with LaTeX.

See the LaTeX manual or LaTeX Companion for explanation.
Type  H <return>  for immediate help.
 ...                                              
                                                  
l.272 \end{code}
                
You may provide a definition with
\DeclareUnicodeCharacter 


/home/claire/Documents/source/research-project/latex/latex/Trace3.tex:272: LaTeX Error: Unicode character ₁ (U+2081)
               not set up for use with LaTeX.

See the LaTeX manual or LaTeX Companion for explanation.
Type  H <return>  for immediate help.
 ...                                              
                                                  
l.272 \end{code}
                
You may provide a definition with
\DeclareUnicodeCharacter 


/home/claire/Documents/source/research-project/latex/latex/Trace3.tex:272: LaTeX Error: Unicode character ≡ (U+2261)
               not set up for use with LaTeX.

See the LaTeX manual or LaTeX Companion for explanation.
Type  H <return>  for immediate help.
 ...                                              
                                                  
l.272 \end{code}
                
You may provide a definition with
\DeclareUnicodeCharacter 


/home/claire/Documents/source/research-project/latex/latex/Trace3.tex:272: LaTeX Error: Unicode character ₂ (U+2082)
               not set up for use with LaTeX.

See the LaTeX manual or LaTeX Companion for explanation.
Type  H <return>  for immediate help.
 ...                                              
                                                  
l.272 \end{code}
                
You may provide a definition with
\DeclareUnicodeCharacter 


/home/claire/Documents/source/research-project/latex/latex/Trace3.tex:272: LaTeX Error: Unicode character ₁ (U+2081)
               not set up for use with LaTeX.

See the LaTeX manual or LaTeX Companion for explanation.
Type  H <return>  for immediate help.
 ...                                              
                                                  
l.272 \end{code}
                
You may provide a definition with
\DeclareUnicodeCharacter 


/home/claire/Documents/source/research-project/latex/latex/Trace3.tex:272: LaTeX Error: Unicode character ≡ (U+2261)
               not set up for use with LaTeX.

See the LaTeX manual or LaTeX Companion for explanation.
Type  H <return>  for immediate help.
 ...                                              
                                                  
l.272 \end{code}
                
You may provide a definition with
\DeclareUnicodeCharacter 


/home/claire/Documents/source/research-project/latex/latex/Trace3.tex:272: LaTeX Error: Unicode character ₂ (U+2082)
               not set up for use with LaTeX.

See the LaTeX manual or LaTeX Companion for explanation.
Type  H <return>  for immediate help.
 ...                                              
                                                  
l.272 \end{code}
                
You may provide a definition with
\DeclareUnicodeCharacter 


/home/claire/Documents/source/research-project/latex/latex/Trace3.tex:272: LaTeX Error: Unicode character ≡ (U+2261)
               not set up for use with LaTeX.

See the LaTeX manual or LaTeX Companion for explanation.
Type  H <return>  for immediate help.
 ...                                              
                                                  
l.272 \end{code}
                
You may provide a definition with
\DeclareUnicodeCharacter 


/home/claire/Documents/source/research-project/latex/latex/Trace3.tex:272: LaTeX Error: Unicode character ⊎ (U+228E)
               not set up for use with LaTeX.

See the LaTeX manual or LaTeX Companion for explanation.
Type  H <return>  for immediate help.
 ...                                              
                                                  
l.272 \end{code}
                
You may provide a definition with
\DeclareUnicodeCharacter 


/home/claire/Documents/source/research-project/latex/latex/Trace3.tex:272: LaTeX Error: Unicode character ∃ (U+2203)
               not set up for use with LaTeX.

See the LaTeX manual or LaTeX Companion for explanation.
Type  H <return>  for immediate help.
 ...                                              
                                                  
l.272 \end{code}
                
You may provide a definition with
\DeclareUnicodeCharacter 


/home/claire/Documents/source/research-project/latex/latex/Trace3.tex:272: LaTeX Error: Unicode character ₃ (U+2083)
               not set up for use with LaTeX.

See the LaTeX manual or LaTeX Companion for explanation.
Type  H <return>  for immediate help.
 ...                                              
                                                  
l.272 \end{code}
                
You may provide a definition with
\DeclareUnicodeCharacter 


/home/claire/Documents/source/research-project/latex/latex/Trace3.tex:272: LaTeX Error: Unicode character ₃ (U+2083)
               not set up for use with LaTeX.

See the LaTeX manual or LaTeX Companion for explanation.
Type  H <return>  for immediate help.
 ...                                              
                                                  
l.272 \end{code}
                
You may provide a definition with
\DeclareUnicodeCharacter 


/home/claire/Documents/source/research-project/latex/latex/Trace3.tex:272: LaTeX Error: Unicode character λ (U+03BB)
               not set up for use with LaTeX.

See the LaTeX manual or LaTeX Companion for explanation.
Type  H <return>  for immediate help.
 ...                                              
                                                  
l.272 \end{code}
                
You may provide a definition with
\DeclareUnicodeCharacter 


/home/claire/Documents/source/research-project/latex/latex/Trace3.tex:272: LaTeX Error: Unicode character ₁ (U+2081)
               not set up for use with LaTeX.

See the LaTeX manual or LaTeX Companion for explanation.
Type  H <return>  for immediate help.
 ...                                              
                                                  
l.272 \end{code}
                
You may provide a definition with
\DeclareUnicodeCharacter 


/home/claire/Documents/source/research-project/latex/latex/Trace3.tex:272: LaTeX Error: Unicode character ≡ (U+2261)
               not set up for use with LaTeX.

See the LaTeX manual or LaTeX Companion for explanation.
Type  H <return>  for immediate help.
 ...                                              
                                                  
l.272 \end{code}
                
You may provide a definition with
\DeclareUnicodeCharacter 


/home/claire/Documents/source/research-project/latex/latex/Trace3.tex:272: LaTeX Error: Unicode character ₁ (U+2081)
               not set up for use with LaTeX.

See the LaTeX manual or LaTeX Companion for explanation.
Type  H <return>  for immediate help.
 ...                                              
                                                  
l.272 \end{code}
                
You may provide a definition with
\DeclareUnicodeCharacter 


/home/claire/Documents/source/research-project/latex/latex/Trace3.tex:272: LaTeX Error: Unicode character ₂ (U+2082)
               not set up for use with LaTeX.

See the LaTeX manual or LaTeX Companion for explanation.
Type  H <return>  for immediate help.
 ...                                              
                                                  
l.272 \end{code}
                
You may provide a definition with
\DeclareUnicodeCharacter 


/home/claire/Documents/source/research-project/latex/latex/Trace3.tex:272: LaTeX Error: Unicode character ≡ (U+2261)
               not set up for use with LaTeX.

See the LaTeX manual or LaTeX Companion for explanation.
Type  H <return>  for immediate help.
 ...                                              
                                                  
l.272 \end{code}
                
You may provide a definition with
\DeclareUnicodeCharacter 


/home/claire/Documents/source/research-project/latex/latex/Trace3.tex:272: LaTeX Error: Unicode character ₂ (U+2082)
               not set up for use with LaTeX.

See the LaTeX manual or LaTeX Companion for explanation.
Type  H <return>  for immediate help.
 ...                                              
                                                  
l.272 \end{code}
                
You may provide a definition with
\DeclareUnicodeCharacter 


/home/claire/Documents/source/research-project/latex/latex/Trace3.tex:272: LaTeX Error: Unicode character ₁ (U+2081)
               not set up for use with LaTeX.

See the LaTeX manual or LaTeX Companion for explanation.
Type  H <return>  for immediate help.
 ...                                              
                                                  
l.272 \end{code}
                
You may provide a definition with
\DeclareUnicodeCharacter 


/home/claire/Documents/source/research-project/latex/latex/Trace3.tex:272: LaTeX Error: Unicode character ≈ (U+2248)
               not set up for use with LaTeX.

See the LaTeX manual or LaTeX Companion for explanation.
Type  H <return>  for immediate help.
 ...                                              
                                                  
l.272 \end{code}
                
You may provide a definition with
\DeclareUnicodeCharacter 


/home/claire/Documents/source/research-project/latex/latex/Trace3.tex:272: LaTeX Error: Unicode character ₂ (U+2082)
               not set up for use with LaTeX.

See the LaTeX manual or LaTeX Companion for explanation.
Type  H <return>  for immediate help.
 ...                                              
                                                  
l.272 \end{code}
                
You may provide a definition with
\DeclareUnicodeCharacter 


/home/claire/Documents/source/research-project/latex/latex/Trace3.tex:272: LaTeX Error: Unicode character ≈ (U+2248)
               not set up for use with LaTeX.

See the LaTeX manual or LaTeX Companion for explanation.
Type  H <return>  for immediate help.
 ...                                              
                                                  
l.272 \end{code}
                
You may provide a definition with
\DeclareUnicodeCharacter 


/home/claire/Documents/source/research-project/latex/latex/Trace3.tex:272: LaTeX Error: Unicode character ₁ (U+2081)
               not set up for use with LaTeX.

See the LaTeX manual or LaTeX Companion for explanation.
Type  H <return>  for immediate help.
 ...                                              
                                                  
l.272 \end{code}
                
You may provide a definition with
\DeclareUnicodeCharacter 


/home/claire/Documents/source/research-project/latex/latex/Trace3.tex:272: LaTeX Error: Unicode character ₂ (U+2082)
               not set up for use with LaTeX.

See the LaTeX manual or LaTeX Companion for explanation.
Type  H <return>  for immediate help.
 ...                                              
                                                  
l.272 \end{code}
                
You may provide a definition with
\DeclareUnicodeCharacter 


/home/claire/Documents/source/research-project/latex/latex/Trace3.tex:272: LaTeX Error: Unicode character ₃ (U+2083)
               not set up for use with LaTeX.

See the LaTeX manual or LaTeX Companion for explanation.
Type  H <return>  for immediate help.
 ...                                              
                                                  
l.272 \end{code}
                
You may provide a definition with
\DeclareUnicodeCharacter 


/home/claire/Documents/source/research-project/latex/latex/Trace3.tex:272: LaTeX Error: Unicode character ₁ (U+2081)
               not set up for use with LaTeX.

See the LaTeX manual or LaTeX Companion for explanation.
Type  H <return>  for immediate help.
 ...                                              
                                                  
l.272 \end{code}
                
You may provide a definition with
\DeclareUnicodeCharacter 


/home/claire/Documents/source/research-project/latex/latex/Trace3.tex:272: LaTeX Error: Unicode character ≡ (U+2261)
               not set up for use with LaTeX.

See the LaTeX manual or LaTeX Companion for explanation.
Type  H <return>  for immediate help.
 ...                                              
                                                  
l.272 \end{code}
                
You may provide a definition with
\DeclareUnicodeCharacter 


/home/claire/Documents/source/research-project/latex/latex/Trace3.tex:272: LaTeX Error: Unicode character ₂ (U+2082)
               not set up for use with LaTeX.

See the LaTeX manual or LaTeX Companion for explanation.
Type  H <return>  for immediate help.
 ...                                              
                                                  
l.272 \end{code}
                
You may provide a definition with
\DeclareUnicodeCharacter 


/home/claire/Documents/source/research-project/latex/latex/Trace3.tex:272: LaTeX Error: Unicode character ₁ (U+2081)
               not set up for use with LaTeX.

See the LaTeX manual or LaTeX Companion for explanation.
Type  H <return>  for immediate help.
 ...                                              
                                                  
l.272 \end{code}
                
You may provide a definition with
\DeclareUnicodeCharacter 


/home/claire/Documents/source/research-project/latex/latex/Trace3.tex:272: LaTeX Error: Unicode character ≡ (U+2261)
               not set up for use with LaTeX.

See the LaTeX manual or LaTeX Companion for explanation.
Type  H <return>  for immediate help.
 ...                                              
                                                  
l.272 \end{code}
                
You may provide a definition with
\DeclareUnicodeCharacter 


/home/claire/Documents/source/research-project/latex/latex/Trace3.tex:272: LaTeX Error: Unicode character ₂ (U+2082)
               not set up for use with LaTeX.

See the LaTeX manual or LaTeX Companion for explanation.
Type  H <return>  for immediate help.
 ...                                              
                                                  
l.272 \end{code}
                
You may provide a definition with
\DeclareUnicodeCharacter 


/home/claire/Documents/source/research-project/latex/latex/Trace3.tex:272: LaTeX Error: Unicode character ≡ (U+2261)
               not set up for use with LaTeX.

See the LaTeX manual or LaTeX Companion for explanation.
Type  H <return>  for immediate help.
 ...                                              
                                                  
l.272 \end{code}
                
You may provide a definition with
\DeclareUnicodeCharacter 


/home/claire/Documents/source/research-project/latex/latex/Trace3.tex:272: LaTeX Error: Unicode character ⊎ (U+228E)
               not set up for use with LaTeX.

See the LaTeX manual or LaTeX Companion for explanation.
Type  H <return>  for immediate help.
 ...                                              
                                                  
l.272 \end{code}
                
You may provide a definition with
\DeclareUnicodeCharacter 


/home/claire/Documents/source/research-project/latex/latex/Trace3.tex:272: LaTeX Error: Unicode character ∃ (U+2203)
               not set up for use with LaTeX.

See the LaTeX manual or LaTeX Companion for explanation.
Type  H <return>  for immediate help.
 ...                                              
                                                  
l.272 \end{code}
                
You may provide a definition with
\DeclareUnicodeCharacter 


/home/claire/Documents/source/research-project/latex/latex/Trace3.tex:272: LaTeX Error: Unicode character ₃ (U+2083)
               not set up for use with LaTeX.

See the LaTeX manual or LaTeX Companion for explanation.
Type  H <return>  for immediate help.
 ...                                              
                                                  
l.272 \end{code}
                
You may provide a definition with
\DeclareUnicodeCharacter 


/home/claire/Documents/source/research-project/latex/latex/Trace3.tex:272: LaTeX Error: Unicode character ₃ (U+2083)
               not set up for use with LaTeX.

See the LaTeX manual or LaTeX Companion for explanation.
Type  H <return>  for immediate help.
 ...                                              
                                                  
l.272 \end{code}
                
You may provide a definition with
\DeclareUnicodeCharacter 


/home/claire/Documents/source/research-project/latex/latex/Trace3.tex:272: LaTeX Error: Unicode character λ (U+03BB)
               not set up for use with LaTeX.

See the LaTeX manual or LaTeX Companion for explanation.
Type  H <return>  for immediate help.
 ...                                              
                                                  
l.272 \end{code}
                
You may provide a definition with
\DeclareUnicodeCharacter 


/home/claire/Documents/source/research-project/latex/latex/Trace3.tex:272: LaTeX Error: Unicode character ₁ (U+2081)
               not set up for use with LaTeX.

See the LaTeX manual or LaTeX Companion for explanation.
Type  H <return>  for immediate help.
 ...                                              
                                                  
l.272 \end{code}
                
You may provide a definition with
\DeclareUnicodeCharacter 


/home/claire/Documents/source/research-project/latex/latex/Trace3.tex:272: LaTeX Error: Unicode character ≡ (U+2261)
               not set up for use with LaTeX.

See the LaTeX manual or LaTeX Companion for explanation.
Type  H <return>  for immediate help.
 ...                                              
                                                  
l.272 \end{code}
                
You may provide a definition with
\DeclareUnicodeCharacter 


/home/claire/Documents/source/research-project/latex/latex/Trace3.tex:272: LaTeX Error: Unicode character ₁ (U+2081)
               not set up for use with LaTeX.

See the LaTeX manual or LaTeX Companion for explanation.
Type  H <return>  for immediate help.
 ...                                              
                                                  
l.272 \end{code}
                
You may provide a definition with
\DeclareUnicodeCharacter 


/home/claire/Documents/source/research-project/latex/latex/Trace3.tex:272: LaTeX Error: Unicode character ₂ (U+2082)
               not set up for use with LaTeX.

See the LaTeX manual or LaTeX Companion for explanation.
Type  H <return>  for immediate help.
 ...                                              
                                                  
l.272 \end{code}
                
You may provide a definition with
\DeclareUnicodeCharacter 


/home/claire/Documents/source/research-project/latex/latex/Trace3.tex:272: LaTeX Error: Unicode character ≡ (U+2261)
               not set up for use with LaTeX.

See the LaTeX manual or LaTeX Companion for explanation.
Type  H <return>  for immediate help.
 ...                                              
                                                  
l.272 \end{code}
                
You may provide a definition with
\DeclareUnicodeCharacter 


/home/claire/Documents/source/research-project/latex/latex/Trace3.tex:272: LaTeX Error: Unicode character ₂ (U+2082)
               not set up for use with LaTeX.

See the LaTeX manual or LaTeX Companion for explanation.
Type  H <return>  for immediate help.
 ...                                              
                                                  
l.272 \end{code}
                
You may provide a definition with
\DeclareUnicodeCharacter 


/home/claire/Documents/source/research-project/latex/latex/Trace3.tex:272: LaTeX Error: Unicode character ₁ (U+2081)
               not set up for use with LaTeX.

See the LaTeX manual or LaTeX Companion for explanation.
Type  H <return>  for immediate help.
 ...                                              
                                                  
l.272 \end{code}
                
You may provide a definition with
\DeclareUnicodeCharacter 


/home/claire/Documents/source/research-project/latex/latex/Trace3.tex:272: LaTeX Error: Unicode character ≈ (U+2248)
               not set up for use with LaTeX.

See the LaTeX manual or LaTeX Companion for explanation.
Type  H <return>  for immediate help.
 ...                                              
                                                  
l.272 \end{code}
                
You may provide a definition with
\DeclareUnicodeCharacter 


/home/claire/Documents/source/research-project/latex/latex/Trace3.tex:272: LaTeX Error: Unicode character ₂ (U+2082)
               not set up for use with LaTeX.

See the LaTeX manual or LaTeX Companion for explanation.
Type  H <return>  for immediate help.
 ...                                              
                                                  
l.272 \end{code}
                
You may provide a definition with
\DeclareUnicodeCharacter 


/home/claire/Documents/source/research-project/latex/latex/Trace3.tex:272: LaTeX Error: Unicode character ≈ (U+2248)
               not set up for use with LaTeX.

See the LaTeX manual or LaTeX Companion for explanation.
Type  H <return>  for immediate help.
 ...                                              
                                                  
l.272 \end{code}
                
You may provide a definition with
\DeclareUnicodeCharacter 


/home/claire/Documents/source/research-project/latex/latex/Trace3.tex:272: LaTeX Error: Unicode character ₁ (U+2081)
               not set up for use with LaTeX.

See the LaTeX manual or LaTeX Companion for explanation.
Type  H <return>  for immediate help.
 ...                                              
                                                  
l.272 \end{code}
                
You may provide a definition with
\DeclareUnicodeCharacter 


/home/claire/Documents/source/research-project/latex/latex/Trace3.tex:272: LaTeX Error: Unicode character ₂ (U+2082)
               not set up for use with LaTeX.

See the LaTeX manual or LaTeX Companion for explanation.
Type  H <return>  for immediate help.
 ...                                              
                                                  
l.272 \end{code}
                
You may provide a definition with
\DeclareUnicodeCharacter 


/home/claire/Documents/source/research-project/latex/latex/Trace3.tex:272: LaTeX Error: Unicode character ₃ (U+2083)
               not set up for use with LaTeX.

See the LaTeX manual or LaTeX Companion for explanation.
Type  H <return>  for immediate help.
 ...                                              
                                                  
l.272 \end{code}
                
You may provide a definition with
\DeclareUnicodeCharacter 


/home/claire/Documents/source/research-project/latex/latex/Trace3.tex:272: LaTeX Error: Unicode character ₁ (U+2081)
               not set up for use with LaTeX.

See the LaTeX manual or LaTeX Companion for explanation.
Type  H <return>  for immediate help.
 ...                                              
                                                  
l.272 \end{code}
                
You may provide a definition with
\DeclareUnicodeCharacter 


/home/claire/Documents/source/research-project/latex/latex/Trace3.tex:272: LaTeX Error: Unicode character ≡ (U+2261)
               not set up for use with LaTeX.

See the LaTeX manual or LaTeX Companion for explanation.
Type  H <return>  for immediate help.
 ...                                              
                                                  
l.272 \end{code}
                
You may provide a definition with
\DeclareUnicodeCharacter 


/home/claire/Documents/source/research-project/latex/latex/Trace3.tex:272: LaTeX Error: Unicode character ₂ (U+2082)
               not set up for use with LaTeX.

See the LaTeX manual or LaTeX Companion for explanation.
Type  H <return>  for immediate help.
 ...                                              
                                                  
l.272 \end{code}
                
You may provide a definition with
\DeclareUnicodeCharacter 


/home/claire/Documents/source/research-project/latex/latex/Trace3.tex:272: LaTeX Error: Unicode character ₁ (U+2081)
               not set up for use with LaTeX.

See the LaTeX manual or LaTeX Companion for explanation.
Type  H <return>  for immediate help.
 ...                                              
                                                  
l.272 \end{code}
                
You may provide a definition with
\DeclareUnicodeCharacter 


/home/claire/Documents/source/research-project/latex/latex/Trace3.tex:272: LaTeX Error: Unicode character ≡ (U+2261)
               not set up for use with LaTeX.

See the LaTeX manual or LaTeX Companion for explanation.
Type  H <return>  for immediate help.
 ...                                              
                                                  
l.272 \end{code}
                
You may provide a definition with
\DeclareUnicodeCharacter 


/home/claire/Documents/source/research-project/latex/latex/Trace3.tex:272: LaTeX Error: Unicode character ₂ (U+2082)
               not set up for use with LaTeX.

See the LaTeX manual or LaTeX Companion for explanation.
Type  H <return>  for immediate help.
 ...                                              
                                                  
l.272 \end{code}
                
You may provide a definition with
\DeclareUnicodeCharacter 


/home/claire/Documents/source/research-project/latex/latex/Trace3.tex:272: LaTeX Error: Unicode character ≡ (U+2261)
               not set up for use with LaTeX.

See the LaTeX manual or LaTeX Companion for explanation.
Type  H <return>  for immediate help.
 ...                                              
                                                  
l.272 \end{code}
                
You may provide a definition with
\DeclareUnicodeCharacter 


/home/claire/Documents/source/research-project/latex/latex/Trace3.tex:272: LaTeX Error: Unicode character ⊎ (U+228E)
               not set up for use with LaTeX.

See the LaTeX manual or LaTeX Companion for explanation.
Type  H <return>  for immediate help.
 ...                                              
                                                  
l.272 \end{code}
                
You may provide a definition with
\DeclareUnicodeCharacter 


/home/claire/Documents/source/research-project/latex/latex/Trace3.tex:272: LaTeX Error: Unicode character ∃ (U+2203)
               not set up for use with LaTeX.

See the LaTeX manual or LaTeX Companion for explanation.
Type  H <return>  for immediate help.
 ...                                              
                                                  
l.272 \end{code}
                
You may provide a definition with
\DeclareUnicodeCharacter 


/home/claire/Documents/source/research-project/latex/latex/Trace3.tex:272: LaTeX Error: Unicode character ₃ (U+2083)
               not set up for use with LaTeX.

See the LaTeX manual or LaTeX Companion for explanation.
Type  H <return>  for immediate help.
 ...                                              
                                                  
l.272 \end{code}
                
You may provide a definition with
\DeclareUnicodeCharacter 


/home/claire/Documents/source/research-project/latex/latex/Trace3.tex:272: LaTeX Error: Unicode character ₃ (U+2083)
               not set up for use with LaTeX.

See the LaTeX manual or LaTeX Companion for explanation.
Type  H <return>  for immediate help.
 ...                                              
                                                  
l.272 \end{code}
                
You may provide a definition with
\DeclareUnicodeCharacter 


/home/claire/Documents/source/research-project/latex/latex/Trace3.tex:272: LaTeX Error: Unicode character λ (U+03BB)
               not set up for use with LaTeX.

See the LaTeX manual or LaTeX Companion for explanation.
Type  H <return>  for immediate help.
 ...                                              
                                                  
l.272 \end{code}
                
You may provide a definition with
\DeclareUnicodeCharacter 


/home/claire/Documents/source/research-project/latex/latex/Trace3.tex:272: LaTeX Error: Unicode character ₁ (U+2081)
               not set up for use with LaTeX.

See the LaTeX manual or LaTeX Companion for explanation.
Type  H <return>  for immediate help.
 ...                                              
                                                  
l.272 \end{code}
                
You may provide a definition with
\DeclareUnicodeCharacter 


/home/claire/Documents/source/research-project/latex/latex/Trace3.tex:272: LaTeX Error: Unicode character ≡ (U+2261)
               not set up for use with LaTeX.

See the LaTeX manual or LaTeX Companion for explanation.
Type  H <return>  for immediate help.
 ...                                              
                                                  
l.272 \end{code}
                
You may provide a definition with
\DeclareUnicodeCharacter 


/home/claire/Documents/source/research-project/latex/latex/Trace3.tex:272: LaTeX Error: Unicode character ₁ (U+2081)
               not set up for use with LaTeX.

See the LaTeX manual or LaTeX Companion for explanation.
Type  H <return>  for immediate help.
 ...                                              
                                                  
l.272 \end{code}
                
You may provide a definition with
\DeclareUnicodeCharacter 


/home/claire/Documents/source/research-project/latex/latex/Trace3.tex:272: LaTeX Error: Unicode character ₂ (U+2082)
               not set up for use with LaTeX.

See the LaTeX manual or LaTeX Companion for explanation.
Type  H <return>  for immediate help.
 ...                                              
                                                  
l.272 \end{code}
                
You may provide a definition with
\DeclareUnicodeCharacter 


/home/claire/Documents/source/research-project/latex/latex/Trace3.tex:272: LaTeX Error: Unicode character ≡ (U+2261)
               not set up for use with LaTeX.

See the LaTeX manual or LaTeX Companion for explanation.
Type  H <return>  for immediate help.
 ...                                              
                                                  
l.272 \end{code}
                
You may provide a definition with
\DeclareUnicodeCharacter 


/home/claire/Documents/source/research-project/latex/latex/Trace3.tex:272: LaTeX Error: Unicode character ₂ (U+2082)
               not set up for use with LaTeX.

See the LaTeX manual or LaTeX Companion for explanation.
Type  H <return>  for immediate help.
 ...                                              
                                                  
l.272 \end{code}
                
You may provide a definition with
\DeclareUnicodeCharacter 


/home/claire/Documents/source/research-project/latex/latex/Trace3.tex:272: LaTeX Error: Unicode character ₁ (U+2081)
               not set up for use with LaTeX.

See the LaTeX manual or LaTeX Companion for explanation.
Type  H <return>  for immediate help.
 ...                                              
                                                  
l.272 \end{code}
                
You may provide a definition with
\DeclareUnicodeCharacter 


/home/claire/Documents/source/research-project/latex/latex/Trace3.tex:272: LaTeX Error: Unicode character ≈ (U+2248)
               not set up for use with LaTeX.

See the LaTeX manual or LaTeX Companion for explanation.
Type  H <return>  for immediate help.
 ...                                              
                                                  
l.272 \end{code}
                
You may provide a definition with
\DeclareUnicodeCharacter 


/home/claire/Documents/source/research-project/latex/latex/Trace3.tex:272: LaTeX Error: Unicode character ₂ (U+2082)
               not set up for use with LaTeX.

See the LaTeX manual or LaTeX Companion for explanation.
Type  H <return>  for immediate help.
 ...                                              
                                                  
l.272 \end{code}
                
You may provide a definition with
\DeclareUnicodeCharacter 



[1

{/var/lib/texmf/fonts/map/pdftex/updmap/pdftex.map}{/usr/share/texmf-dist/fonts/enc/dvips/cm-super/cm-super-ts1.enc}]
\openout3 = `Trace3.ptb'.


/home/claire/Documents/source/research-project/latex/latex/Trace3.tex:304: Undefined control sequence.
<recently read> \AgdaMissingDefinition 
                                       
l.304 \end{code}
                
The control sequence at the end of the top line
of your error message was never \def'ed. If you have
misspelled it (e.g., `\hobx'), type `I' and the correct
spelling (e.g., `I\hbox'). Otherwise just continue,
and I'll forget about whatever was undefined.


/home/claire/Documents/source/research-project/latex/latex/Trace3.tex:304: LaTeX Error: Unicode character ∀ (U+2200)
               not set up for use with LaTeX.

See the LaTeX manual or LaTeX Companion for explanation.
Type  H <return>  for immediate help.
 ...                                              
                                                  
l.304 \end{code}
                
You may provide a definition with
\DeclareUnicodeCharacter 


/home/claire/Documents/source/research-project/latex/latex/Trace3.tex:304: LaTeX Error: Unicode character ₁ (U+2081)
               not set up for use with LaTeX.

See the LaTeX manual or LaTeX Companion for explanation.
Type  H <return>  for immediate help.
 ...                                              
                                                  
l.304 \end{code}
                
You may provide a definition with
\DeclareUnicodeCharacter 


/home/claire/Documents/source/research-project/latex/latex/Trace3.tex:304: LaTeX Error: Unicode character ₂ (U+2082)
               not set up for use with LaTeX.

See the LaTeX manual or LaTeX Companion for explanation.
Type  H <return>  for immediate help.
 ...                                              
                                                  
l.304 \end{code}
                
You may provide a definition with
\DeclareUnicodeCharacter 


/home/claire/Documents/source/research-project/latex/latex/Trace3.tex:304: LaTeX Error: Unicode character ₃ (U+2083)
               not set up for use with LaTeX.

See the LaTeX manual or LaTeX Companion for explanation.
Type  H <return>  for immediate help.
 ...                                              
                                                  
l.304 \end{code}
                
You may provide a definition with
\DeclareUnicodeCharacter 


/home/claire/Documents/source/research-project/latex/latex/Trace3.tex:304: LaTeX Error: Unicode character ₃ (U+2083)
               not set up for use with LaTeX.

See the LaTeX manual or LaTeX Companion for explanation.
Type  H <return>  for immediate help.
 ...                                              
                                                  
l.304 \end{code}
                
You may provide a definition with
\DeclareUnicodeCharacter 


/home/claire/Documents/source/research-project/latex/latex/Trace3.tex:304: LaTeX Error: Unicode character ₁ (U+2081)
               not set up for use with LaTeX.

See the LaTeX manual or LaTeX Companion for explanation.
Type  H <return>  for immediate help.
 ...                                              
                                                  
l.304 \end{code}
                
You may provide a definition with
\DeclareUnicodeCharacter 


/home/claire/Documents/source/research-project/latex/latex/Trace3.tex:304: LaTeX Error: Unicode character ≈ (U+2248)
               not set up for use with LaTeX.

See the LaTeX manual or LaTeX Companion for explanation.
Type  H <return>  for immediate help.
 ...                                              
                                                  
l.304 \end{code}
                
You may provide a definition with
\DeclareUnicodeCharacter 


/home/claire/Documents/source/research-project/latex/latex/Trace3.tex:304: LaTeX Error: Unicode character ₂ (U+2082)
               not set up for use with LaTeX.

See the LaTeX manual or LaTeX Companion for explanation.
Type  H <return>  for immediate help.
 ...                                              
                                                  
l.304 \end{code}
                
You may provide a definition with
\DeclareUnicodeCharacter 


/home/claire/Documents/source/research-project/latex/latex/Trace3.tex:304: LaTeX Error: Unicode character ₂ (U+2082)
               not set up for use with LaTeX.

See the LaTeX manual or LaTeX Companion for explanation.
Type  H <return>  for immediate help.
 ...                                              
                                                  
l.304 \end{code}
                
You may provide a definition with
\DeclareUnicodeCharacter 


/home/claire/Documents/source/research-project/latex/latex/Trace3.tex:304: LaTeX Error: Unicode character ≈ (U+2248)
               not set up for use with LaTeX.

See the LaTeX manual or LaTeX Companion for explanation.
Type  H <return>  for immediate help.
 ...                                              
                                                  
l.304 \end{code}
                
You may provide a definition with
\DeclareUnicodeCharacter 


/home/claire/Documents/source/research-project/latex/latex/Trace3.tex:304: LaTeX Error: Unicode character ₃ (U+2083)
               not set up for use with LaTeX.

See the LaTeX manual or LaTeX Companion for explanation.
Type  H <return>  for immediate help.
 ...                                              
                                                  
l.304 \end{code}
                
You may provide a definition with
\DeclareUnicodeCharacter 


/home/claire/Documents/source/research-project/latex/latex/Trace3.tex:304: LaTeX Error: Unicode character ₁ (U+2081)
               not set up for use with LaTeX.

See the LaTeX manual or LaTeX Companion for explanation.
Type  H <return>  for immediate help.
 ...                                              
                                                  
l.304 \end{code}
                
You may provide a definition with
\DeclareUnicodeCharacter 


/home/claire/Documents/source/research-project/latex/latex/Trace3.tex:304: LaTeX Error: Unicode character ≈ (U+2248)
               not set up for use with LaTeX.

See the LaTeX manual or LaTeX Companion for explanation.
Type  H <return>  for immediate help.
 ...                                              
                                                  
l.304 \end{code}
                
You may provide a definition with
\DeclareUnicodeCharacter 


/home/claire/Documents/source/research-project/latex/latex/Trace3.tex:304: LaTeX Error: Unicode character ₃ (U+2083)
               not set up for use with LaTeX.

See the LaTeX manual or LaTeX Companion for explanation.
Type  H <return>  for immediate help.
 ...                                              
                                                  
l.304 \end{code}
                
You may provide a definition with
\DeclareUnicodeCharacter 

/home/claire/Documents/source/research-project/latex/latex/Trace3.tex:304: Undefined control sequence.
<recently read> \AgdaMissingDefinition 
                                       
l.304 \end{code}
                
The control sequence at the end of the top line
of your error message was never \def'ed. If you have
misspelled it (e.g., `\hobx'), type `I' and the correct
spelling (e.g., `I\hbox'). Otherwise just continue,
and I'll forget about whatever was undefined.


/home/claire/Documents/source/research-project/latex/latex/Trace3.tex:304: LaTeX Error: Unicode character ∀ (U+2200)
               not set up for use with LaTeX.

See the LaTeX manual or LaTeX Companion for explanation.
Type  H <return>  for immediate help.
 ...                                              
                                                  
l.304 \end{code}
                
You may provide a definition with
\DeclareUnicodeCharacter 


/home/claire/Documents/source/research-project/latex/latex/Trace3.tex:304: LaTeX Error: Unicode character ₁ (U+2081)
               not set up for use with LaTeX.

See the LaTeX manual or LaTeX Companion for explanation.
Type  H <return>  for immediate help.
 ...                                              
                                                  
l.304 \end{code}
                
You may provide a definition with
\DeclareUnicodeCharacter 


/home/claire/Documents/source/research-project/latex/latex/Trace3.tex:304: LaTeX Error: Unicode character ₂ (U+2082)
               not set up for use with LaTeX.

See the LaTeX manual or LaTeX Companion for explanation.
Type  H <return>  for immediate help.
 ...                                              
                                                  
l.304 \end{code}
                
You may provide a definition with
\DeclareUnicodeCharacter 


/home/claire/Documents/source/research-project/latex/latex/Trace3.tex:304: LaTeX Error: Unicode character ₃ (U+2083)
               not set up for use with LaTeX.

See the LaTeX manual or LaTeX Companion for explanation.
Type  H <return>  for immediate help.
 ...                                              
                                                  
l.304 \end{code}
                
You may provide a definition with
\DeclareUnicodeCharacter 


/home/claire/Documents/source/research-project/latex/latex/Trace3.tex:304: LaTeX Error: Unicode character ₃ (U+2083)
               not set up for use with LaTeX.

See the LaTeX manual or LaTeX Companion for explanation.
Type  H <return>  for immediate help.
 ...                                              
                                                  
l.304 \end{code}
                
You may provide a definition with
\DeclareUnicodeCharacter 


/home/claire/Documents/source/research-project/latex/latex/Trace3.tex:304: LaTeX Error: Unicode character ₁ (U+2081)
               not set up for use with LaTeX.

See the LaTeX manual or LaTeX Companion for explanation.
Type  H <return>  for immediate help.
 ...                                              
                                                  
l.304 \end{code}
                
You may provide a definition with
\DeclareUnicodeCharacter 


/home/claire/Documents/source/research-project/latex/latex/Trace3.tex:304: LaTeX Error: Unicode character ≈ (U+2248)
               not set up for use with LaTeX.

See the LaTeX manual or LaTeX Companion for explanation.
Type  H <return>  for immediate help.
 ...                                              
                                                  
l.304 \end{code}
                
You may provide a definition with
\DeclareUnicodeCharacter 


/home/claire/Documents/source/research-project/latex/latex/Trace3.tex:304: LaTeX Error: Unicode character ₂ (U+2082)
               not set up for use with LaTeX.

See the LaTeX manual or LaTeX Companion for explanation.
Type  H <return>  for immediate help.
 ...                                              
                                                  
l.304 \end{code}
                
You may provide a definition with
\DeclareUnicodeCharacter 


/home/claire/Documents/source/research-project/latex/latex/Trace3.tex:304: LaTeX Error: Unicode character ₂ (U+2082)
               not set up for use with LaTeX.

See the LaTeX manual or LaTeX Companion for explanation.
Type  H <return>  for immediate help.
 ...                                              
                                                  
l.304 \end{code}
                
You may provide a definition with
\DeclareUnicodeCharacter 


/home/claire/Documents/source/research-project/latex/latex/Trace3.tex:304: LaTeX Error: Unicode character ≈ (U+2248)
               not set up for use with LaTeX.

See the LaTeX manual or LaTeX Companion for explanation.
Type  H <return>  for immediate help.
 ...                                              
                                                  
l.304 \end{code}
                
You may provide a definition with
\DeclareUnicodeCharacter 


/home/claire/Documents/source/research-project/latex/latex/Trace3.tex:304: LaTeX Error: Unicode character ₃ (U+2083)
               not set up for use with LaTeX.

See the LaTeX manual or LaTeX Companion for explanation.
Type  H <return>  for immediate help.
 ...                                              
                                                  
l.304 \end{code}
                
You may provide a definition with
\DeclareUnicodeCharacter 


/home/claire/Documents/source/research-project/latex/latex/Trace3.tex:304: LaTeX Error: Unicode character ₁ (U+2081)
               not set up for use with LaTeX.

See the LaTeX manual or LaTeX Companion for explanation.
Type  H <return>  for immediate help.
 ...                                              
                                                  
l.304 \end{code}
                
You may provide a definition with
\DeclareUnicodeCharacter 


/home/claire/Documents/source/research-project/latex/latex/Trace3.tex:304: LaTeX Error: Unicode character ≈ (U+2248)
               not set up for use with LaTeX.

See the LaTeX manual or LaTeX Companion for explanation.
Type  H <return>  for immediate help.
 ...                                              
                                                  
l.304 \end{code}
                
You may provide a definition with
\DeclareUnicodeCharacter 


/home/claire/Documents/source/research-project/latex/latex/Trace3.tex:304: LaTeX Error: Unicode character ₃ (U+2083)
               not set up for use with LaTeX.

See the LaTeX manual or LaTeX Companion for explanation.
Type  H <return>  for immediate help.
 ...                                              
                                                  
l.304 \end{code}
                
You may provide a definition with
\DeclareUnicodeCharacter 

/home/claire/Documents/source/research-project/latex/latex/Trace3.tex:304: Undefined control sequence.
<recently read> \AgdaMissingDefinition 
                                       
l.304 \end{code}
                
The control sequence at the end of the top line
of your error message was never \def'ed. If you have
misspelled it (e.g., `\hobx'), type `I' and the correct
spelling (e.g., `I\hbox'). Otherwise just continue,
and I'll forget about whatever was undefined.


/home/claire/Documents/source/research-project/latex/latex/Trace3.tex:304: LaTeX Error: Unicode character ∀ (U+2200)
               not set up for use with LaTeX.

See the LaTeX manual or LaTeX Companion for explanation.
Type  H <return>  for immediate help.
 ...                                              
                                                  
l.304 \end{code}
                
You may provide a definition with
\DeclareUnicodeCharacter 


/home/claire/Documents/source/research-project/latex/latex/Trace3.tex:304: LaTeX Error: Unicode character ₁ (U+2081)
               not set up for use with LaTeX.

See the LaTeX manual or LaTeX Companion for explanation.
Type  H <return>  for immediate help.
 ...                                              
                                                  
l.304 \end{code}
                
You may provide a definition with
\DeclareUnicodeCharacter 


/home/claire/Documents/source/research-project/latex/latex/Trace3.tex:304: LaTeX Error: Unicode character ₂ (U+2082)
               not set up for use with LaTeX.

See the LaTeX manual or LaTeX Companion for explanation.
Type  H <return>  for immediate help.
 ...                                              
                                                  
l.304 \end{code}
                
You may provide a definition with
\DeclareUnicodeCharacter 


/home/claire/Documents/source/research-project/latex/latex/Trace3.tex:304: LaTeX Error: Unicode character ₃ (U+2083)
               not set up for use with LaTeX.

See the LaTeX manual or LaTeX Companion for explanation.
Type  H <return>  for immediate help.
 ...                                              
                                                  
l.304 \end{code}
                
You may provide a definition with
\DeclareUnicodeCharacter 


/home/claire/Documents/source/research-project/latex/latex/Trace3.tex:304: LaTeX Error: Unicode character ₃ (U+2083)
               not set up for use with LaTeX.

See the LaTeX manual or LaTeX Companion for explanation.
Type  H <return>  for immediate help.
 ...                                              
                                                  
l.304 \end{code}
                
You may provide a definition with
\DeclareUnicodeCharacter 


/home/claire/Documents/source/research-project/latex/latex/Trace3.tex:304: LaTeX Error: Unicode character ₁ (U+2081)
               not set up for use with LaTeX.

See the LaTeX manual or LaTeX Companion for explanation.
Type  H <return>  for immediate help.
 ...                                              
                                                  
l.304 \end{code}
                
You may provide a definition with
\DeclareUnicodeCharacter 


/home/claire/Documents/source/research-project/latex/latex/Trace3.tex:304: LaTeX Error: Unicode character ≈ (U+2248)
               not set up for use with LaTeX.

See the LaTeX manual or LaTeX Companion for explanation.
Type  H <return>  for immediate help.
 ...                                              
                                                  
l.304 \end{code}
                
You may provide a definition with
\DeclareUnicodeCharacter 


/home/claire/Documents/source/research-project/latex/latex/Trace3.tex:304: LaTeX Error: Unicode character ₂ (U+2082)
               not set up for use with LaTeX.

See the LaTeX manual or LaTeX Companion for explanation.
Type  H <return>  for immediate help.
 ...                                              
                                                  
l.304 \end{code}
                
You may provide a definition with
\DeclareUnicodeCharacter 


/home/claire/Documents/source/research-project/latex/latex/Trace3.tex:304: LaTeX Error: Unicode character ₂ (U+2082)
               not set up for use with LaTeX.

See the LaTeX manual or LaTeX Companion for explanation.
Type  H <return>  for immediate help.
 ...                                              
                                                  
l.304 \end{code}
                
You may provide a definition with
\DeclareUnicodeCharacter 


/home/claire/Documents/source/research-project/latex/latex/Trace3.tex:304: LaTeX Error: Unicode character ≈ (U+2248)
               not set up for use with LaTeX.

See the LaTeX manual or LaTeX Companion for explanation.
Type  H <return>  for immediate help.
 ...                                              
                                                  
l.304 \end{code}
                
You may provide a definition with
\DeclareUnicodeCharacter 


/home/claire/Documents/source/research-project/latex/latex/Trace3.tex:304: LaTeX Error: Unicode character ₃ (U+2083)
               not set up for use with LaTeX.

See the LaTeX manual or LaTeX Companion for explanation.
Type  H <return>  for immediate help.
 ...                                              
                                                  
l.304 \end{code}
                
You may provide a definition with
\DeclareUnicodeCharacter 


/home/claire/Documents/source/research-project/latex/latex/Trace3.tex:304: LaTeX Error: Unicode character ₁ (U+2081)
               not set up for use with LaTeX.

See the LaTeX manual or LaTeX Companion for explanation.
Type  H <return>  for immediate help.
 ...                                              
                                                  
l.304 \end{code}
                
You may provide a definition with
\DeclareUnicodeCharacter 


/home/claire/Documents/source/research-project/latex/latex/Trace3.tex:304: LaTeX Error: Unicode character ≈ (U+2248)
               not set up for use with LaTeX.

See the LaTeX manual or LaTeX Companion for explanation.
Type  H <return>  for immediate help.
 ...                                              
                                                  
l.304 \end{code}
                
You may provide a definition with
\DeclareUnicodeCharacter 


/home/claire/Documents/source/research-project/latex/latex/Trace3.tex:304: LaTeX Error: Unicode character ₃ (U+2083)
               not set up for use with LaTeX.

See the LaTeX manual or LaTeX Companion for explanation.
Type  H <return>  for immediate help.
 ...                                              
                                                  
l.304 \end{code}
                
You may provide a definition with
\DeclareUnicodeCharacter 



[2] (./Trace3.aux)
 ***********
LaTeX2e <2024-11-01> patch level 2
L3 programming layer <2025-01-18>
 ***********


LaTeX Font Warning: Some font shapes were not available, defaults substituted.

 ) 
Here is how much of TeX's memory you used:
 3060 strings out of 475171
 47323 string characters out of 5767095
 459480 words of memory out of 5000000
 26042 multiletter control sequences out of 15000+600000
 559997 words of font info for 40 fonts, out of 8000000 for 9000
 14 hyphenation exceptions out of 8191
 79i,5n,93p,236b,383s stack positions out of 10000i,1000n,20000p,200000b,200000s
</usr/share/texmf-dist/fonts/type1/public/amsfonts/cm/cmr10.pfb></usr/share/texmf-dist/fonts/type1/public/amsfonts/cm/cmss10.pfb></usr/share/texmf-dist/fonts/type1/public/amsfonts/cm/cmsy10.pfb></usr/share/texmf-dist/fonts/type1/public/amsfonts/cm/cmti10.pfb></usr/share/texmf-dist/fonts/type1/public/amsfonts/cm/cmtt10.pfb></usr/share/texmf-dist/fonts/type1/public/cm-super/sfss1000.pfb>
Output written on Trace3.pdf (2 pages, 56601 bytes).
PDF statistics:
 42 PDF objects out of 1000 (max. 8388607)
 25 compressed objects within 1 object stream
 0 named destinations out of 1000 (max. 500000)
 1 words of extra memory for PDF output out of 10000 (max. 10000000)

